生成启动时间为 2015/4/3 19:06:19。
     1>项目“C:\Users\zlj\Desktop\EmokitServerUI\EmokitServerUI\EmokitServerUI.vcxproj”在节点 2 上(Build 个目标)。
     1>C:\Program Files (x86)\MSBuild\Microsoft.Cpp\v4.0\V120\Microsoft.CppBuild.targets(935,5): warning MSB8027: Two or more files with the name of moc_emokitserverui.cpp will produce outputs to the same location. This can lead to an incorrect build result.  The files involved are GeneratedFiles\Debug\moc_emokitserverui.cpp, GeneratedFiles\Release\moc_emokitserverui.cpp.
     1>C:\Program Files (x86)\MSBuild\Microsoft.Cpp\v4.0\V120\Microsoft.CppBuild.targets(935,5): warning MSB8027: Two or more files with the name of moc_GraphDialog.cpp will produce outputs to the same location. This can lead to an incorrect build result.  The files involved are GeneratedFiles\Debug\moc_GraphDialog.cpp, GeneratedFiles\Release\moc_GraphDialog.cpp.
     1>C:\Program Files (x86)\MSBuild\Microsoft.Cpp\v4.0\V120\Microsoft.CppBuild.targets(935,5): warning MSB8027: Two or more files with the name of moc_qcustomplot.cpp will produce outputs to the same location. This can lead to an incorrect build result.  The files involved are GeneratedFiles\Debug\moc_qcustomplot.cpp, GeneratedFiles\Release\moc_qcustomplot.cpp.
     1>C:\Program Files (x86)\MSBuild\Microsoft.Cpp\v4.0\V120\Microsoft.CppBuild.targets(935,5): warning MSB8027: Two or more files with the name of moc_SettingDialog.cpp will produce outputs to the same location. This can lead to an incorrect build result.  The files involved are GeneratedFiles\Debug\moc_SettingDialog.cpp, GeneratedFiles\Release\moc_SettingDialog.cpp.
     1>C:\Program Files (x86)\MSBuild\Microsoft.Cpp\v4.0\V120\Microsoft.CppBuild.targets(935,5): warning MSB8027: Two or more files with the name of moc_Thread.cpp will produce outputs to the same location. This can lead to an incorrect build result.  The files involved are GeneratedFiles\Debug\moc_Thread.cpp, GeneratedFiles\Release\moc_Thread.cpp.
     1>ClCompile:
         D:\Microsoft Visual Studio 12.0\VC\bin\CL.exe /c /I.\GeneratedFiles /I. /ID:\Qt\Qt5.4.0\5.4\msvc2013\include /I.\GeneratedFiles\Release /ID:\Qt\Qt5.4.0\5.4\msvc2013\include\QtCore /ID:\Qt\Qt5.4.0\5.4\msvc2013\include\QtGui /ID:\Qt\Qt5.4.0\5.4\msvc2013\include\QtNetwork /ID:\Qt\Qt5.4.0\5.4\msvc2013\include\QtPrintSupport /ID:\Qt\Qt5.4.0\5.4\msvc2013\include\QtWidgets /nologo /W1 /WX- /O2 /Oy- /D UNICODE /D WIN32 /D WIN64 /D QT_DLL /D QT_NO_DEBUG /D NDEBUG /D QT_CORE_LIB /D QT_GUI_LIB /D QT_NETWORK_LIB /D QT_PRINTSUPPORT_LIB /D QT_WIDGETS_LIB /Gm- /EHsc /MD /GS /fp:precise /Zc:wchar_t /Zc:forScope /Fo"Release\\" /Fd"Release\vc120.pdb" /Gd /TP /analyze- /errorReport:prompt GraphDialog.cpp
         GraphDialog.cpp
       Link:
         D:\Microsoft Visual Studio 12.0\VC\bin\link.exe /ERRORREPORT:PROMPT /OUT:"C:\Users\zlj\Desktop\EmokitServerUI\Win32\Release\\EmokitServerUI.exe" /NOLOGO /LIBPATH:D:\Qt\Qt5.4.0\5.4\msvc2013\lib qtmain.lib Qt5Core.lib Qt5Gui.lib Qt5Network.lib Qt5PrintSupport.lib Qt5Widgets.lib kernel32.lib user32.lib gdi32.lib winspool.lib comdlg32.lib advapi32.lib shell32.lib ole32.lib oleaut32.lib uuid.lib odbc32.lib odbccp32.lib /MANIFEST /MANIFESTUAC:"level='asInvoker' uiAccess='false'" /manifest:embed /PDB:"C:\Users\zlj\Desktop\EmokitServerUI\Win32\Release\EmokitServerUI.pdb" /SUBSYSTEM:WINDOWS /TLBID:1 /DYNAMICBASE /NXCOMPAT /IMPLIB:"C:\Users\zlj\Desktop\EmokitServerUI\Win32\Release\EmokitServerUI.lib" /MACHINE:X86 /SAFESEH Release\EmokitServerUI.res
         Release\emokitserverui.obj
         Release\FileHelper.obj
         Release\qrc_emokitserverui.obj
         Release\moc_emokitserverui.obj
         Release\moc_GraphDialog.obj
         Release\moc_qcustomplot.obj
         Release\moc_SettingDialog.obj
         Release\moc_Thread.obj
         Release\GlobalVar.obj
         Release\GraphDialog.obj
         Release\LogInfo.obj
         Release\main.obj
         Release\qcustomplot.obj
         Release\SettingDialog.obj
         Release\Thread.obj
         Release\UDPSocket.obj
         EmokitServerUI.vcxproj -> C:\Users\zlj\Desktop\EmokitServerUI\Win32\Release\EmokitServerUI.exe
     1>已完成生成项目“C:\Users\zlj\Desktop\EmokitServerUI\EmokitServerUI\EmokitServerUI.vcxproj”(Build 个目标)的操作。

生成成功。

已用时间 00:00:04.21
