生成启动时间为 2015/3/19 17:52:20。
     1>项目“C:\Users\zlj\Desktop\EmokitServerUI\EmokitServerUI\EmokitServerUI.vcxproj”在节点 2 上(Build 个目标)。
     1>C:\Program Files (x86)\MSBuild\Microsoft.Cpp\v4.0\V120\Microsoft.CppBuild.targets(935,5): warning MSB8027: Two or more files with the name of moc_emokitserverui.cpp will produce outputs to the same location. This can lead to an incorrect build result.  The files involved are GeneratedFiles\Debug\moc_emokitserverui.cpp, GeneratedFiles\Release\moc_emokitserverui.cpp.
     1>C:\Program Files (x86)\MSBuild\Microsoft.Cpp\v4.0\V120\Microsoft.CppBuild.targets(935,5): warning MSB8027: Two or more files with the name of moc_GraphDialog.cpp will produce outputs to the same location. This can lead to an incorrect build result.  The files involved are GeneratedFiles\Debug\moc_GraphDialog.cpp, GeneratedFiles\Release\moc_GraphDialog.cpp.
     1>C:\Program Files (x86)\MSBuild\Microsoft.Cpp\v4.0\V120\Microsoft.CppBuild.targets(935,5): warning MSB8027: Two or more files with the name of moc_qcustomplot.cpp will produce outputs to the same location. This can lead to an incorrect build result.  The files involved are GeneratedFiles\Debug\moc_qcustomplot.cpp, GeneratedFiles\Release\moc_qcustomplot.cpp.
     1>C:\Program Files (x86)\MSBuild\Microsoft.Cpp\v4.0\V120\Microsoft.CppBuild.targets(935,5): warning MSB8027: Two or more files with the name of moc_SettingDialog.cpp will produce outputs to the same location. This can lead to an incorrect build result.  The files involved are GeneratedFiles\Debug\moc_SettingDialog.cpp, GeneratedFiles\Release\moc_SettingDialog.cpp.
     1>C:\Program Files (x86)\MSBuild\Microsoft.Cpp\v4.0\V120\Microsoft.CppBuild.targets(935,5): warning MSB8027: Two or more files with the name of moc_Thread.cpp will produce outputs to the same location. This can lead to an incorrect build result.  The files involved are GeneratedFiles\Debug\moc_Thread.cpp, GeneratedFiles\Release\moc_Thread.cpp.
     1>ClCompile:
         D:\Microsoft Visual Studio 12.0\VC\bin\CL.exe /c /I.\GeneratedFiles /I. /ID:\Qt\Qt5.4.0\5.4\msvc2013\include /I.\GeneratedFiles\Debug /ID:\Qt\Qt5.4.0\5.4\msvc2013\include\QtCore /ID:\Qt\Qt5.4.0\5.4\msvc2013\include\QtGui /ID:\Qt\Qt5.4.0\5.4\msvc2013\include\QtNetwork /ID:\Qt\Qt5.4.0\5.4\msvc2013\include\QtPrintSupport /ID:\Qt\Qt5.4.0\5.4\msvc2013\include\QtWidgets /Zi /nologo /W1 /WX- /Od /Oy- /D UNICODE /D WIN32 /D WIN64 /D QT_DLL /D QT_CORE_LIB /D QT_GUI_LIB /D QT_NETWORK_LIB /D QT_PRINTSUPPORT_LIB /D QT_WIDGETS_LIB /Gm- /EHsc /MDd /GS /fp:precise /Zc:wchar_t /Zc:forScope /Fo"Debug\\" /Fd"Debug\vc120.pdb" /Gd /TP /analyze- /errorReport:prompt GlobalVar.cpp GraphDialog.cpp SettingDialog.cpp Thread.cpp UDPSocket.cpp emokitserverui.cpp
         GlobalVar.cpp
         GraphDialog.cpp
         SettingDialog.cpp
         Thread.cpp
         UDPSocket.cpp
         emokitserverui.cpp
         正在生成代码...
       Link:
         D:\Microsoft Visual Studio 12.0\VC\bin\link.exe /ERRORREPORT:PROMPT /OUT:"C:\Users\zlj\Desktop\EmokitServerUI\Win32\Debug\\EmokitServerUI.exe" /NOLOGO /LIBPATH:D:\Qt\Qt5.4.0\5.4\msvc2013\lib qtmaind.lib Qt5Cored.lib Qt5Guid.lib Qt5Networkd.lib Qt5PrintSupportd.lib Qt5Widgetsd.lib kernel32.lib user32.lib gdi32.lib winspool.lib comdlg32.lib advapi32.lib shell32.lib ole32.lib oleaut32.lib uuid.lib odbc32.lib odbccp32.lib /MANIFEST /MANIFESTUAC:"level='asInvoker' uiAccess='false'" /manifest:embed /DEBUG /PDB:"C:\Users\zlj\Desktop\EmokitServerUI\Win32\Debug\EmokitServerUI.pdb" /SUBSYSTEM:WINDOWS /TLBID:1 /DYNAMICBASE /NXCOMPAT /IMPLIB:"C:\Users\zlj\Desktop\EmokitServerUI\Win32\Debug\EmokitServerUI.lib" /MACHINE:X86 /SAFESEH Debug\EmokitServerUI.res
         Debug\emokitserverui.obj
         Debug\FileHelper.obj
         Debug\moc_emokitserverui.obj
         Debug\moc_GraphDialog.obj
         Debug\moc_qcustomplot.obj
         Debug\moc_SettingDialog.obj
         Debug\moc_Thread.obj
         Debug\qrc_emokitserverui.obj
         Debug\GlobalVar.obj
         Debug\GraphDialog.obj
         Debug\LogInfo.obj
         Debug\main.obj
         Debug\qcustomplot.obj
         Debug\SettingDialog.obj
         Debug\Thread.obj
         Debug\UDPSocket.obj
         EmokitServerUI.vcxproj -> C:\Users\zlj\Desktop\EmokitServerUI\Win32\Debug\EmokitServerUI.exe
     1>已完成生成项目“C:\Users\zlj\Desktop\EmokitServerUI\EmokitServerUI\EmokitServerUI.vcxproj”(Build 个目标)的操作。

生成成功。

已用时间 00:00:14.59
