c:\users\zlj\desktop\emokitserverui\emokitserverui\debug\vc120.pdb
c:\users\zlj\desktop\emokitserverui\emokitserverui\debug\udpsocket.obj
c:\users\zlj\desktop\emokitserverui\emokitserverui\debug\settingdialog.obj
c:\users\zlj\desktop\emokitserverui\emokitserverui\debug\main.obj
c:\users\zlj\desktop\emokitserverui\emokitserverui\debug\graphdialog.obj
c:\users\zlj\desktop\emokitserverui\emokitserverui\debug\moc_settingdialog.obj
c:\users\zlj\desktop\emokitserverui\emokitserverui\debug\moc_emokitserverui.obj
c:\users\zlj\desktop\emokitserverui\emokitserverui\debug\filehelper.obj
c:\users\zlj\desktop\emokitserverui\emokitserverui\debug\emokitserverui.obj
c:\users\zlj\desktop\emokitserverui\emokitserverui\debug\qrc_emokitserverui.obj
c:\users\zlj\desktop\emokitserverui\emokitserverui\debug\moc_graphdialog.obj
c:\users\zlj\desktop\emokitserverui\emokitserverui\debug\qcustomplot.obj
c:\users\zlj\desktop\emokitserverui\emokitserverui\debug\moc_qcustomplot.obj
c:\users\zlj\desktop\emokitserverui\emokitserverui\generatedfiles\debug\moc_emokitserverui.cpp
c:\users\zlj\desktop\emokitserverui\emokitserverui\generatedfiles\ui_emokitserverui.h
c:\users\zlj\desktop\emokitserverui\emokitserverui\generatedfiles\qrc_emokitserverui.cpp
c:\users\zlj\desktop\emokitserverui\emokitserverui\generatedfiles\ui_settingdialog.h
c:\users\zlj\desktop\emokitserverui\emokitserverui\generatedfiles\debug\moc_settingdialog.cpp
c:\users\zlj\desktop\emokitserverui\emokitserverui\generatedfiles\debug\moc_qcustomplot.cpp
c:\users\zlj\desktop\emokitserverui\emokitserverui\generatedfiles\ui_graphdialog.h
c:\users\zlj\desktop\emokitserverui\emokitserverui\generatedfiles\debug\moc_graphdialog.cpp
c:\users\zlj\desktop\emokitserverui\win32\debug\emokitserverui.ilk
c:\users\zlj\desktop\emokitserverui\win32\debug\emokitserverui.exe
c:\users\zlj\desktop\emokitserverui\win32\debug\emokitserverui.pdb
c:\users\zlj\desktop\emokitserverui\emokitserverui\debug\emokitserverui.res
c:\users\zlj\desktop\emokitserverui\emokitserverui\debug\emokitserverui.tlog\cl.command.1.tlog
c:\users\zlj\desktop\emokitserverui\emokitserverui\debug\emokitserverui.tlog\cl.read.1.tlog
c:\users\zlj\desktop\emokitserverui\emokitserverui\debug\emokitserverui.tlog\cl.write.1.tlog
c:\users\zlj\desktop\emokitserverui\emokitserverui\debug\emokitserverui.tlog\custombuild.command.1.tlog
c:\users\zlj\desktop\emokitserverui\emokitserverui\debug\emokitserverui.tlog\custombuild.read.1.tlog
c:\users\zlj\desktop\emokitserverui\emokitserverui\debug\emokitserverui.tlog\custombuild.write.1.tlog
c:\users\zlj\desktop\emokitserverui\emokitserverui\debug\emokitserverui.tlog\link.command.1.tlog
c:\users\zlj\desktop\emokitserverui\emokitserverui\debug\emokitserverui.tlog\link.read.1.tlog
c:\users\zlj\desktop\emokitserverui\emokitserverui\debug\emokitserverui.tlog\link.write.1.tlog
c:\users\zlj\desktop\emokitserverui\emokitserverui\debug\emokitserverui.tlog\rc.command.1.tlog
c:\users\zlj\desktop\emokitserverui\emokitserverui\debug\emokitserverui.tlog\rc.read.1.tlog
c:\users\zlj\desktop\emokitserverui\emokitserverui\debug\emokitserverui.tlog\rc.write.1.tlog
